This is pdfTeX, Version 3.141592653-2.6-1.40.22 (TeX Live 2021) (preloaded format=pdflatex 2021.5.10)  18 MAY 2021 16:46
entering extended mode
 restricted \write18 enabled.
 file:line:error style messages enabled.
 %&-line parsing enabled.
**/Users/riccardo/Desktop/school/elaborato/elaborato_maturita/main.tex
(/Users/riccardo/Desktop/school/elaborato/elaborato_maturita/main.tex
LaTeX2e <2020-10-01> patch level 4
L3 programming layer <2021-02-18> (/usr/local/texlive/2021/texmf-dist/tex/latex/base/article.cls
Document Class: article 2020/04/10 v1.4m Standard LaTeX document class
(/usr/local/texlive/2021/texmf-dist/tex/latex/base/size12.clo
File: size12.clo 2020/04/10 v1.4m Standard LaTeX file (size option)
)
\c@part=\count179
\c@section=\count180
\c@subsection=\count181
\c@subsubsection=\count182
\c@paragraph=\count183
\c@subparagraph=\count184
\c@figure=\count185
\c@table=\count186
\abovecaptionskip=\skip47
\belowcaptionskip=\skip48
\bibindent=\dimen138
) (/usr/local/texlive/2021/texmf-dist/tex/latex/base/inputenc.sty
Package: inputenc 2020/08/01 v1.3d Input encoding file
\inpenc@prehook=\toks15
\inpenc@posthook=\toks16
) (/usr/local/texlive/2021/texmf-dist/tex/latex/biblatex/biblatex.sty
Package: biblatex 2020/12/31 v3.16 programmable bibliographies (PK/MW)
 (/usr/local/texlive/2021/texmf-dist/tex/generic/pdftexcmds/pdftexcmds.sty
Package: pdftexcmds 2020-06-27 v0.33 Utility functions of pdfTeX for LuaTeX (HO)
 (/usr/local/texlive/2021/texmf-dist/tex/generic/infwarerr/infwarerr.sty
Package: infwarerr 2019/12/03 v1.5 Providing info/warning/error messages (HO)
) (/usr/local/texlive/2021/texmf-dist/tex/generic/iftex/iftex.sty
Package: iftex 2020/03/06 v1.0d TeX engine tests
) (/usr/local/texlive/2021/texmf-dist/tex/generic/ltxcmds/ltxcmds.sty
Package: ltxcmds 2020-05-10 v1.25 LaTeX kernel commands for general use (HO)
)
Package pdftexcmds Info: \pdf@primitive is available.
Package pdftexcmds Info: \pdf@ifprimitive is available.
Package pdftexcmds Info: \pdfdraftmode found.
) (/usr/local/texlive/2021/texmf-dist/tex/latex/etoolbox/etoolbox.sty
Package: etoolbox 2020/10/05 v2.5k e-TeX tools for LaTeX (JAW)
\etb@tempcnta=\count187
) (/usr/local/texlive/2021/texmf-dist/tex/latex/graphics/keyval.sty
Package: keyval 2014/10/28 v1.15 key=value parser (DPC)
\KV@toks@=\toks17
) (/usr/local/texlive/2021/texmf-dist/tex/latex/kvoptions/kvoptions.sty
Package: kvoptions 2020-10-07 v3.14 Key value format for package options (HO)
 (/usr/local/texlive/2021/texmf-dist/tex/generic/kvsetkeys/kvsetkeys.sty
Package: kvsetkeys 2019/12/15 v1.18 Key value parser (HO)
)) (/usr/local/texlive/2021/texmf-dist/tex/latex/logreq/logreq.sty
Package: logreq 2010/08/04 v1.0 xml request logger
\lrq@indent=\count188
 (/usr/local/texlive/2021/texmf-dist/tex/latex/logreq/logreq.def
File: logreq.def 2010/08/04 v1.0 logreq spec v1.0
)) (/usr/local/texlive/2021/texmf-dist/tex/latex/base/ifthen.sty
Package: ifthen 2014/09/29 v1.1c Standard LaTeX ifthen package (DPC)
) (/usr/local/texlive/2021/texmf-dist/tex/latex/url/url.sty
\Urlmuskip=\muskip16
Package: url 2013/09/16  ver 3.4  Verb mode for urls, etc.
)
\c@tabx@nest=\count189
\c@listtotal=\count190
\c@listcount=\count191
\c@liststart=\count192
\c@liststop=\count193
\c@citecount=\count194
\c@citetotal=\count195
\c@multicitecount=\count196
\c@multicitetotal=\count197
\c@instcount=\count198
\c@maxnames=\count199
\c@minnames=\count266
\c@maxitems=\count267
\c@minitems=\count268
\c@citecounter=\count269
\c@maxcitecounter=\count270
\c@savedcitecounter=\count271
\c@uniquelist=\count272
\c@uniquename=\count273
\c@refsection=\count274
\c@refsegment=\count275
\c@maxextratitle=\count276
\c@maxextratitleyear=\count277
\c@maxextraname=\count278
\c@maxextradate=\count279
\c@maxextraalpha=\count280
\c@abbrvpenalty=\count281
\c@highnamepenalty=\count282
\c@lownamepenalty=\count283
\c@maxparens=\count284
\c@parenlevel=\count285
\blx@tempcnta=\count286
\blx@tempcntb=\count287
\blx@tempcntc=\count288
\blx@maxsection=\count289
\blx@maxsegment@0=\count290
\blx@notetype=\count291
\blx@parenlevel@text=\count292
\blx@parenlevel@foot=\count293
\blx@sectionciteorder@0=\count294
\blx@entrysetcounter=\count295
\blx@biblioinstance=\count296
\labelnumberwidth=\skip49
\labelalphawidth=\skip50
\biblabelsep=\skip51
\bibitemsep=\skip52
\bibnamesep=\skip53
\bibinitsep=\skip54
\bibparsep=\skip55
\bibhang=\skip56
\blx@bcfin=\read2
\blx@bcfout=\write3
\blx@langwohyphens=\language87
\c@mincomprange=\count297
\c@maxcomprange=\count298
\c@mincompwidth=\count299
Package biblatex Info: Trying to load biblatex default data model...
Package biblatex Info: ... file 'blx-dm.def' found.
 (/usr/local/texlive/2021/texmf-dist/tex/latex/biblatex/blx-dm.def
File: blx-dm.def 2020/12/31 v3.16 biblatex localization (PK/MW)
)
Package biblatex Info: Trying to load biblatex custom data model...
Package biblatex Info: ... file 'biblatex-dm.cfg' not found.
\c@afterword=\count300
\c@savedafterword=\count301
\c@annotator=\count302
\c@savedannotator=\count303
\c@author=\count304
\c@savedauthor=\count305
\c@bookauthor=\count306
\c@savedbookauthor=\count307
\c@commentator=\count308
\c@savedcommentator=\count309
\c@editor=\count310
\c@savededitor=\count311
\c@editora=\count312
\c@savededitora=\count313
\c@editorb=\count314
\c@savededitorb=\count315
\c@editorc=\count316
\c@savededitorc=\count317
\c@foreword=\count318
\c@savedforeword=\count319
\c@holder=\count320
\c@savedholder=\count321
\c@introduction=\count322
\c@savedintroduction=\count323
\c@namea=\count324
\c@savednamea=\count325
\c@nameb=\count326
\c@savednameb=\count327
\c@namec=\count328
\c@savednamec=\count329
\c@translator=\count330
\c@savedtranslator=\count331
\c@shortauthor=\count332
\c@savedshortauthor=\count333
\c@shorteditor=\count334
\c@savedshorteditor=\count335
\c@labelname=\count336
\c@savedlabelname=\count337
\c@institution=\count338
\c@savedinstitution=\count339
\c@lista=\count340
\c@savedlista=\count341
\c@listb=\count342
\c@savedlistb=\count343
\c@listc=\count344
\c@savedlistc=\count345
\c@listd=\count346
\c@savedlistd=\count347
\c@liste=\count348
\c@savedliste=\count349
\c@listf=\count350
\c@savedlistf=\count351
\c@location=\count352
\c@savedlocation=\count353
\c@organization=\count354
\c@savedorganization=\count355
\c@origlocation=\count356
\c@savedoriglocation=\count357
\c@origpublisher=\count358
\c@savedorigpublisher=\count359
\c@publisher=\count360
\c@savedpublisher=\count361
\c@language=\count362
\c@savedlanguage=\count363
\c@origlanguage=\count364
\c@savedoriglanguage=\count365
\c@pageref=\count366
\c@savedpageref=\count367
\shorthandwidth=\skip57
\shortjournalwidth=\skip58
\shortserieswidth=\skip59
\shorttitlewidth=\skip60
\shortauthorwidth=\skip61
\shorteditorwidth=\skip62
\locallabelnumberwidth=\skip63
\locallabelalphawidth=\skip64
\localshorthandwidth=\skip65
\localshortjournalwidth=\skip66
\localshortserieswidth=\skip67
\localshorttitlewidth=\skip68
\localshortauthorwidth=\skip69
\localshorteditorwidth=\skip70
Package biblatex Info: Trying to load compatibility code...
Package biblatex Info: ... file 'blx-compat.def' found.
 (/usr/local/texlive/2021/texmf-dist/tex/latex/biblatex/blx-compat.def
File: blx-compat.def 2020/12/31 v3.16 biblatex compatibility (PK/MW)
)
Package biblatex Info: Trying to load generic definitions...
Package biblatex Info: ... file 'biblatex.def' found.
 (/usr/local/texlive/2021/texmf-dist/tex/latex/biblatex/biblatex.def
File: biblatex.def 2020/12/31 v3.16 biblatex compatibility (PK/MW)
\c@textcitecount=\count368
\c@textcitetotal=\count369
\c@textcitemaxnames=\count370
\c@biburlbigbreakpenalty=\count371
\c@biburlbreakpenalty=\count372
\c@biburlnumpenalty=\count373
\c@biburlucpenalty=\count374
\c@biburllcpenalty=\count375
\biburlbigskip=\muskip17
\biburlnumskip=\muskip18
\biburlucskip=\muskip19
\biburllcskip=\muskip20
\c@smartand=\count376
)
Package biblatex Info: Trying to load bibliography style 'numeric'...
Package biblatex Info: ... file 'numeric.bbx' found.
 (/usr/local/texlive/2021/texmf-dist/tex/latex/biblatex/bbx/numeric.bbx
File: numeric.bbx 2020/12/31 v3.16 biblatex bibliography style (PK/MW)
Package biblatex Info: Trying to load bibliography style 'standard'...
Package biblatex Info: ... file 'standard.bbx' found.
 (/usr/local/texlive/2021/texmf-dist/tex/latex/biblatex/bbx/standard.bbx
File: standard.bbx 2020/12/31 v3.16 biblatex bibliography style (PK/MW)
\c@bbx:relatedcount=\count377
\c@bbx:relatedtotal=\count378
))
Package biblatex Info: Trying to load citation style 'numeric'...
Package biblatex Info: ... file 'numeric.cbx' found.
 (/usr/local/texlive/2021/texmf-dist/tex/latex/biblatex/cbx/numeric.cbx
File: numeric.cbx 2020/12/31 v3.16 biblatex citation style (PK/MW)
Package biblatex Info: Redefining '\cite'.
Package biblatex Info: Redefining '\parencite'.
Package biblatex Info: Redefining '\footcite'.
Package biblatex Info: Redefining '\footcitetext'.
Package biblatex Info: Redefining '\smartcite'.
Package biblatex Info: Redefining '\supercite'.
Package biblatex Info: Redefining '\textcite'.
Package biblatex Info: Redefining '\textcites'.
Package biblatex Info: Redefining '\cites'.
Package biblatex Info: Redefining '\parencites'.
Package biblatex Info: Redefining '\smartcites'.
)
Package biblatex Info: Trying to load configuration file...
Package biblatex Info: ... file 'biblatex.cfg' found.
 (/usr/local/texlive/2021/texmf-dist/tex/latex/biblatex/biblatex.cfg
File: biblatex.cfg 
)) (/usr/local/texlive/2021/texmf-dist/tex/latex/graphics/graphicx.sty
Package: graphicx 2020/09/09 v1.2b Enhanced LaTeX Graphics (DPC,SPQR)
 (/usr/local/texlive/2021/texmf-dist/tex/latex/graphics/graphics.sty
Package: graphics 2020/08/30 v1.4c Standard LaTeX Graphics (DPC,SPQR)
 (/usr/local/texlive/2021/texmf-dist/tex/latex/graphics/trig.sty
Package: trig 2016/01/03 v1.10 sin cos tan (DPC)
) (/usr/local/texlive/2021/texmf-dist/tex/latex/graphics-cfg/graphics.cfg
File: graphics.cfg 2016/06/04 v1.11 sample graphics configuration
)
Package graphics Info: Driver file: pdftex.def on input line 105.
 (/usr/local/texlive/2021/texmf-dist/tex/latex/graphics-def/pdftex.def
File: pdftex.def 2020/10/05 v1.2a Graphics/color driver for pdftex
))
\Gin@req@height=\dimen139
\Gin@req@width=\dimen140
) (/usr/local/texlive/2021/texmf-dist/tex/latex/hyperref/hyperref.sty
Package: hyperref 2021-02-27 v7.00k Hypertext links for LaTeX
 (/usr/local/texlive/2021/texmf-dist/tex/generic/kvdefinekeys/kvdefinekeys.sty
Package: kvdefinekeys 2019-12-19 v1.6 Define keys (HO)
) (/usr/local/texlive/2021/texmf-dist/tex/generic/pdfescape/pdfescape.sty
Package: pdfescape 2019/12/09 v1.15 Implements pdfTeX's escape features (HO)
) (/usr/local/texlive/2021/texmf-dist/tex/latex/hycolor/hycolor.sty
Package: hycolor 2020-01-27 v1.10 Color options for hyperref/bookmark (HO)
) (/usr/local/texlive/2021/texmf-dist/tex/latex/letltxmacro/letltxmacro.sty
Package: letltxmacro 2019/12/03 v1.6 Let assignment for LaTeX macros (HO)
) (/usr/local/texlive/2021/texmf-dist/tex/latex/auxhook/auxhook.sty
Package: auxhook 2019-12-17 v1.6 Hooks for auxiliary files (HO)
)
\@linkdim=\dimen141
\Hy@linkcounter=\count379
\Hy@pagecounter=\count380
 (/usr/local/texlive/2021/texmf-dist/tex/latex/hyperref/pd1enc.def
File: pd1enc.def 2021-02-27 v7.00k Hyperref: PDFDocEncoding definition (HO)
Now handling font encoding PD1 ...
... no UTF-8 mapping file for font encoding PD1
) (/usr/local/texlive/2021/texmf-dist/tex/latex/hyperref/hyperref-langpatches.def
File: hyperref-langpatches.def 2021-02-27 v7.00k Hyperref: patches for babel languages
) (/usr/local/texlive/2021/texmf-dist/tex/generic/intcalc/intcalc.sty
Package: intcalc 2019/12/15 v1.3 Expandable calculations with integers (HO)
) (/usr/local/texlive/2021/texmf-dist/tex/generic/etexcmds/etexcmds.sty
Package: etexcmds 2019/12/15 v1.7 Avoid name clashes with e-TeX commands (HO)
)
\Hy@SavedSpaceFactor=\count381
 (/usr/local/texlive/2021/texmf-dist/tex/latex/hyperref/puenc.def
File: puenc.def 2021-02-27 v7.00k Hyperref: PDF Unicode definition (HO)
Now handling font encoding PU ...
... no UTF-8 mapping file for font encoding PU
)
Package hyperref Info: Hyper figures OFF on input line 4192.
Package hyperref Info: Link nesting OFF on input line 4197.
Package hyperref Info: Hyper index ON on input line 4200.
Package hyperref Info: Plain pages OFF on input line 4207.
Package hyperref Info: Backreferencing OFF on input line 4212.
Package hyperref Info: Implicit mode ON; LaTeX internals redefined.
Package hyperref Info: Bookmarks ON on input line 4445.
\c@Hy@tempcnt=\count382
LaTeX Info: Redefining \url on input line 4804.
\XeTeXLinkMargin=\dimen142
 (/usr/local/texlive/2021/texmf-dist/tex/generic/bitset/bitset.sty
Package: bitset 2019/12/09 v1.3 Handle bit-vector datatype (HO)
 (/usr/local/texlive/2021/texmf-dist/tex/generic/bigintcalc/bigintcalc.sty
Package: bigintcalc 2019/12/15 v1.5 Expandable calculations on big integers (HO)
))
\Fld@menulength=\count383
\Field@Width=\dimen143
\Fld@charsize=\dimen144
Package hyperref Info: Hyper figures OFF on input line 6075.
Package hyperref Info: Link nesting OFF on input line 6080.
Package hyperref Info: Hyper index ON on input line 6083.
Package hyperref Info: backreferencing OFF on input line 6090.
Package hyperref Info: Link coloring OFF on input line 6095.
Package hyperref Info: Link coloring with OCG OFF on input line 6100.
Package hyperref Info: PDF/A mode OFF on input line 6105.
LaTeX Info: Redefining \ref on input line 6145.
LaTeX Info: Redefining \pageref on input line 6149.
 (/usr/local/texlive/2021/texmf-dist/tex/latex/base/atbegshi-ltx.sty
Package: atbegshi-ltx 2020/08/17 v1.0a Emulation of the original atbegshi package
with kernel methods
)
\Hy@abspage=\count384
\c@Item=\count385
\c@Hfootnote=\count386
)
Package hyperref Info: Driver (autodetected): hpdftex.
 (/usr/local/texlive/2021/texmf-dist/tex/latex/hyperref/hpdftex.def
File: hpdftex.def 2021-02-27 v7.00k Hyperref driver for pdfTeX
 (/usr/local/texlive/2021/texmf-dist/tex/latex/base/atveryend-ltx.sty
Package: atveryend-ltx 2020/08/19 v1.0a Emulation of the original atvery package
with kernel methods
)
\Fld@listcount=\count387
\c@bookmark@seq@number=\count388
 (/usr/local/texlive/2021/texmf-dist/tex/latex/rerunfilecheck/rerunfilecheck.sty
Package: rerunfilecheck 2019/12/05 v1.9 Rerun checks for auxiliary files (HO)
 (/usr/local/texlive/2021/texmf-dist/tex/generic/uniquecounter/uniquecounter.sty
Package: uniquecounter 2019/12/15 v1.4 Provide unlimited unique counter (HO)
)
Package uniquecounter Info: New unique counter `rerunfilecheck' on input line 286.
)
\Hy@SectionHShift=\skip71
) (/usr/local/texlive/2021/texmf-dist/tex/latex/subfiles/subfiles.sty
Package: subfiles 2020/11/14 v2.2 Multi-file projects (package)
 (/usr/local/texlive/2021/texmf-dist/tex/latex/import/import.sty
Package: import 2020/04/01  v 6.2
)) (/usr/local/texlive/2021/texmf-dist/tex/generic/babel/babel.sty
Package: babel 2021/03/24 3.56 The Babel package
 (/usr/local/texlive/2021/texmf-dist/tex/generic/babel/babel.def
File: babel.def 2021/03/24 3.56 Babel common definitions
\babel@savecnt=\count389
\U@D=\dimen145
\l@babelnohyphens=\language88
 (/usr/local/texlive/2021/texmf-dist/tex/generic/babel/txtbabel.def)
\bbl@readstream=\read3
)
\bbl@dirlevel=\count390
 (/usr/local/texlive/2021/texmf-dist/tex/generic/babel-italian/italian.ldf
Language: italian 2020/05/21 v.1.4.04 Italian support for the babel system
\it@lettering=\count391
\it@doublequoteactive=\count392
\it@ISOcompliance=\count393
)) (/usr/local/texlive/2021/texmf-dist/tex/latex/xcolor/xcolor.sty
Package: xcolor 2016/05/11 v2.12 LaTeX color extensions (UK)
 (/usr/local/texlive/2021/texmf-dist/tex/latex/graphics-cfg/color.cfg
File: color.cfg 2016/01/02 v1.6 sample color configuration
)
Package xcolor Info: Driver file: pdftex.def on input line 225.
Package xcolor Info: Model `cmy' substituted by `cmy0' on input line 1348.
Package xcolor Info: Model `hsb' substituted by `rgb' on input line 1352.
Package xcolor Info: Model `RGB' extended on input line 1364.
Package xcolor Info: Model `HTML' substituted by `rgb' on input line 1366.
Package xcolor Info: Model `Hsb' substituted by `hsb' on input line 1367.
Package xcolor Info: Model `tHsb' substituted by `hsb' on input line 1368.
Package xcolor Info: Model `HSB' substituted by `hsb' on input line 1369.
Package xcolor Info: Model `Gray' substituted by `gray' on input line 1370.
Package xcolor Info: Model `wave' substituted by `hsb' on input line 1371.
) (/usr/local/texlive/2021/texmf-dist/tex/latex/listings/listings.sty
\lst@mode=\count394
\lst@gtempboxa=\box47
\lst@token=\toks18
\lst@length=\count395
\lst@currlwidth=\dimen146
\lst@column=\count396
\lst@pos=\count397
\lst@lostspace=\dimen147
\lst@width=\dimen148
\lst@newlines=\count398
\lst@lineno=\count399
\lst@maxwidth=\dimen149
 (/usr/local/texlive/2021/texmf-dist/tex/latex/listings/lstmisc.sty
File: lstmisc.sty 2020/03/24 1.8d (Carsten Heinz)
\c@lstnumber=\count400
\lst@skipnumbers=\count401
\lst@framebox=\box48
) (/usr/local/texlive/2021/texmf-dist/tex/latex/listings/listings.cfg
File: listings.cfg 2020/03/24 1.8d listings configuration
))
Package: listings 2020/03/24 1.8d (Carsten Heinz)
 (/usr/local/texlive/2021/texmf-dist/tex/latex/base/textcomp.sty
Package: textcomp 2020/02/02 v2.0n Standard LaTeX package
) (/usr/local/texlive/2021/texmf-dist/tex/latex/csquotes/csquotes.sty
Package: csquotes 2021-02-22 v5.2l context-sensitive quotations (JAW)
\csq@reset=\count402
\csq@gtype=\count403
\csq@glevel=\count404
\csq@qlevel=\count405
\csq@maxlvl=\count406
\csq@tshold=\count407
\csq@ltx@everypar=\toks19
 (/usr/local/texlive/2021/texmf-dist/tex/latex/csquotes/csquotes.def
File: csquotes.def 2021-02-22 v5.2l csquotes generic definitions (JAW)
)
Package csquotes Info: Trying to load configuration file 'csquotes.cfg'...
Package csquotes Info: ... configuration file loaded successfully.
 (/usr/local/texlive/2021/texmf-dist/tex/latex/csquotes/csquotes.cfg
File: csquotes.cfg 
)) (/usr/local/texlive/2021/texmf-dist/tex/latex/fancyvrb/fancyvrb.sty
Package: fancyvrb 2021/01/20 v3.7 verbatim text (tvz,hv)
\FV@CodeLineNo=\count408
\FV@InFile=\read4
\FV@TabBox=\box49
\c@FancyVerbLine=\count409
\FV@StepNumber=\count410
\FV@OutFile=\write4
) (/usr/local/texlive/2021/texmf-dist/tex/latex/lipsum/lipsum.sty (/usr/local/texlive/2021/texmf-dist/tex/latex/l3kernel/expl3.sty
Package: expl3 2021-02-18 L3 programming layer (loader) 
 (/usr/local/texlive/2021/texmf-dist/tex/latex/l3backend/l3backend-pdftex.def
File: l3backend-pdftex.def 2021-03-18 L3 backend support: PDF output (pdfTeX)
\l__color_backend_stack_int=\count411
\l__pdf_internal_box=\box50
)) (/usr/local/texlive/2021/texmf-dist/tex/latex/l3packages/xparse/xparse.sty (/usr/local/texlive/2021/texmf-dist/tex/latex/l3packages/xparse/xparse-2020-10-01.sty (/usr/local/texlive/2021/texmf-dist/tex/latex/l3packages/xparse/xparse-generic.tex)))
Package: lipsum 2021-03-03 v2.3 150 paragraphs of Lorem Ipsum dummy text
 (/usr/local/texlive/2021/texmf-dist/tex/latex/lipsum/lipsum.ltd.tex
File: lipsum.ltd.tex 2021-03-03 v2.3 The Lorem ipsum dummy text
)) (/usr/local/texlive/2021/texmf-dist/tex/latex/geometry/geometry.sty
Package: geometry 2020/01/02 v5.9 Page Geometry
 (/usr/local/texlive/2021/texmf-dist/tex/generic/iftex/ifvtex.sty
Package: ifvtex 2019/10/25 v1.7 ifvtex legacy package. Use iftex instead.
)
\Gm@cnth=\count412
\Gm@cntv=\count413
\c@Gm@tempcnt=\count414
\Gm@bindingoffset=\dimen150
\Gm@wd@mp=\dimen151
\Gm@odd@mp=\dimen152
\Gm@even@mp=\dimen153
\Gm@layoutwidth=\dimen154
\Gm@layoutheight=\dimen155
\Gm@layouthoffset=\dimen156
\Gm@layoutvoffset=\dimen157
\Gm@dimlist=\toks20
)
Package csquotes Info: Checking for multilingual support...
Package csquotes Info: ... found 'babel' package.
Package csquotes Info: Adjusting default style.
Package csquotes Info: Redefining alias 'default' -> 'italian'.
 (/Users/riccardo/Desktop/school/elaborato/elaborato_maturita/main.aux)
\openout1 = `main.aux'.

LaTeX Font Info:    Checking defaults for OML/cmm/m/it on input line 66.
LaTeX Font Info:    ... okay on input line 66.
LaTeX Font Info:    Checking defaults for OMS/cmsy/m/n on input line 66.
LaTeX Font Info:    ... okay on input line 66.
LaTeX Font Info:    Checking defaults for OT1/cmr/m/n on input line 66.
LaTeX Font Info:    ... okay on input line 66.
LaTeX Font Info:    Checking defaults for T1/cmr/m/n on input line 66.
LaTeX Font Info:    ... okay on input line 66.
LaTeX Font Info:    Checking defaults for TS1/cmr/m/n on input line 66.
LaTeX Font Info:    ... okay on input line 66.
LaTeX Font Info:    Checking defaults for OMX/cmex/m/n on input line 66.
LaTeX Font Info:    ... okay on input line 66.
LaTeX Font Info:    Checking defaults for U/cmr/m/n on input line 66.
LaTeX Font Info:    ... okay on input line 66.
LaTeX Font Info:    Checking defaults for PD1/pdf/m/n on input line 66.
LaTeX Font Info:    ... okay on input line 66.
LaTeX Font Info:    Checking defaults for PU/pdf/m/n on input line 66.
LaTeX Font Info:    ... okay on input line 66.
Package biblatex Info: Trying to load language 'italian'...
Package biblatex Info: ... file 'italian.lbx' found.
 (/usr/local/texlive/2021/texmf-dist/tex/latex/biblatex/lbx/italian.lbx
File: italian.lbx 2020/12/31 v3.16 biblatex localization (PK/MW)
)
Package biblatex Info: Input encoding 'utf8' detected.
Package biblatex Info: Automatic encoding selection.
(biblatex)             Assuming data encoding 'utf8'.
Package biblatex Info: Document encoding is UTF8 ....
Package biblatex Info: ... and expl3
(biblatex)             2021-02-18 L3 programming layer (loader) 
(biblatex)             is new enough (at least 2020/04/06),
(biblatex)             setting 'casechanger=expl3'.
 (/usr/local/texlive/2021/texmf-dist/tex/latex/biblatex/blx-case-expl3.sty
Package: blx-case-expl3 2020/12/31 v3.16 expl3 case changing code for biblatex
)
\openout3 = `main.bcf'.

Package biblatex Info: Trying to load bibliographic data...
Package biblatex Info: ... file 'main.bbl' found.
 (/Users/riccardo/Desktop/school/elaborato/elaborato_maturita/main.bbl)
Package biblatex Info: Reference section=0 on input line 66.
Package biblatex Info: Reference segment=0 on input line 66.
 (/usr/local/texlive/2021/texmf-dist/tex/context/base/mkii/supp-pdf.mkii
[Loading MPS to PDF converter (version 2006.09.02).]
\scratchcounter=\count415
\scratchdimen=\dimen158
\scratchbox=\box51
\nofMPsegments=\count416
\nofMParguments=\count417
\everyMPshowfont=\toks21
\MPscratchCnt=\count418
\MPscratchDim=\dimen159
\MPnumerator=\count419
\makeMPintoPDFobject=\count420
\everyMPtoPDFconversion=\toks22
) (/usr/local/texlive/2021/texmf-dist/tex/latex/epstopdf-pkg/epstopdf-base.sty
Package: epstopdf-base 2020-01-24 v2.11 Base part for package epstopdf
Package epstopdf-base Info: Redefining graphics rule for `.eps' on input line 485.
 (/usr/local/texlive/2021/texmf-dist/tex/latex/latexconfig/epstopdf-sys.cfg
File: epstopdf-sys.cfg 2010/07/13 v1.3 Configuration of (r)epstopdf for TeX Live
))
Package hyperref Info: Link coloring OFF on input line 66.
 (/usr/local/texlive/2021/texmf-dist/tex/latex/hyperref/nameref.sty
Package: nameref 2021-04-02 v2.47 Cross-referencing by name of section
 (/usr/local/texlive/2021/texmf-dist/tex/latex/refcount/refcount.sty
Package: refcount 2019/12/15 v3.6 Data extraction from label references (HO)
) (/usr/local/texlive/2021/texmf-dist/tex/generic/gettitlestring/gettitlestring.sty
Package: gettitlestring 2019/12/15 v1.6 Cleanup title references (HO)
)
\c@section@level=\count421
)
LaTeX Info: Redefining \ref on input line 66.
LaTeX Info: Redefining \pageref on input line 66.
LaTeX Info: Redefining \nameref on input line 66.
 (/Users/riccardo/Desktop/school/elaborato/elaborato_maturita/main.out) (/Users/riccardo/Desktop/school/elaborato/elaborato_maturita/main.out)
\@outlinefile=\write5
\openout5 = `main.out'.

LaTeX Info: Redefining \it@ocap on input line 66.
LaTeX Info: Redefining \it@ccap on input line 66.


File italian.ldf warning: 
italian.ldf    With OT1 encoding guillemets are poorly faked
italian.ldf    Use T1 encoding
italian.ldf    or specify a font with command \CaporaliFrom
italian.ldf    See the documentation concerning the babel-italian typesetting 
italian.ldf    on input line 66.

\c@lstlisting=\count422
*geometry* driver: auto-detecting
*geometry* detected driver: pdftex
*geometry* verbose mode - [ preamble ] result:
* driver: pdftex
* paper: a4paper
* layout: <same size as paper>
* layoutoffset:(h,v)=(0.0pt,0.0pt)
* bindingoffset: 14.45377pt
* modes: 
* h-part:(L,W,R)=(72.26999pt, 438.51413pt, 72.26999pt)
* v-part:(T,H,B)=(72.26999pt, 700.50687pt, 72.26999pt)
* \paperwidth=597.50787pt
* \paperheight=845.04684pt
* \textwidth=438.51413pt
* \textheight=700.50687pt
* \oddsidemargin=14.45377pt
* \evensidemargin=0.0pt
* \topmargin=-37.0pt
* \headheight=12.0pt
* \headsep=25.0pt
* \topskip=12.0pt
* \footskip=18.06749pt
* \marginparwidth=44.0pt
* \marginparsep=10.0pt
* \columnsep=10.0pt
* \skip\footins=10.8pt plus 4.0pt minus 2.0pt
* \hoffset=0.0pt
* \voffset=0.0pt
* \mag=1000
* \@twocolumnfalse
* \@twosidefalse
* \@mparswitchfalse
* \@reversemarginfalse
* (1in=72.27pt=25.4mm, 1cm=28.453pt)

<images/repubblica.png, id=112, 965.6075pt x 1045.9075pt>
File: images/repubblica.png Graphic file (type png)
<use images/repubblica.png>
Package pdftex.def Info: images/repubblica.png  used on input line 77.
(pdftex.def)             Requested size: 77.25017pt x 83.6743pt.
[1

{/usr/local/texlive/2021/texmf-var/fonts/map/pdftex/updmap/pdftex.map} </Users/riccardo/Desktop/school/elaborato/elaborato_maturita/images/repubblica.png>]
*geometry* verbose mode - [ newgeometry ] result:
* driver: pdftex
* paper: a4paper
* layout: <same size as paper>
* layoutoffset:(h,v)=(0.0pt,0.0pt)
* modes: 
* h-part:(L,W,R)=(56.90533pt, 483.6972pt, 56.90533pt)
* v-part:(T,H,B)=(72.26999pt, 700.50687pt, 72.26999pt)
* \paperwidth=597.50787pt
* \paperheight=845.04684pt
* \textwidth=483.6972pt
* \textheight=700.50687pt
* \oddsidemargin=-15.36465pt
* \evensidemargin=-15.36465pt
* \topmargin=-37.0pt
* \headheight=12.0pt
* \headsep=25.0pt
* \topskip=12.0pt
* \footskip=18.06749pt
* \marginparwidth=44.0pt
* \marginparsep=10.0pt
* \columnsep=10.0pt
* \skip\footins=10.8pt plus 4.0pt minus 2.0pt
* \hoffset=0.0pt
* \voffset=0.0pt
* \mag=1000
* \@twocolumnfalse
* \@twosidefalse
* \@mparswitchfalse
* \@reversemarginfalse
* (1in=72.27pt=25.4mm, 1cm=28.453pt)

 (/Users/riccardo/Desktop/school/elaborato/elaborato_maturita/sections/abstract.tex)pdfTeX warning (ext4): destination with the same identifier (name{page.1}) has been already used, duplicate ignored
<to be read again> 
                   \relax 
l.112 \newpage
               [1

] (/Users/riccardo/Desktop/school/elaborato/elaborato_maturita/main.toc
LaTeX Font Info:    External font `cmex10' loaded for size
(Font)              <12> on input line 7.
LaTeX Font Info:    External font `cmex10' loaded for size
(Font)              <8> on input line 7.
LaTeX Font Info:    External font `cmex10' loaded for size
(Font)              <6> on input line 7.
)
\tf@toc=\write6
\openout6 = `main.toc'.

 [2]
<diagrams/usecase_diagrams.png, id=158, 1230.5975pt x 1577.895pt>
File: diagrams/usecase_diagrams.png Graphic file (type png)
<use diagrams/usecase_diagrams.png>
Package pdftex.def Info: diagrams/usecase_diagrams.png  used on input line 141.
(pdftex.def)             Requested size: 170.71652pt x 218.88135pt.
<diagrams/wbs.png, id=159, 2220.295pt x 1106.1325pt>
File: diagrams/wbs.png Graphic file (type png)
<use diagrams/wbs.png>
Package pdftex.def Info: diagrams/wbs.png  used on input line 151.
(pdftex.def)             Requested size: 483.6972pt x 240.97008pt.
 [3 </Users/riccardo/Desktop/school/elaborato/elaborato_maturita/diagrams/usecase_diagrams.png>] (/Users/riccardo/Desktop/school/elaborato/elaborato_maturita/sections/infrastructure/infra.tex (/Users/riccardo/Desktop/school/elaborato/elaborato_maturita/sections/infrastructure/beacons.tex [4 </Users/riccardo/Desktop/school/elaborato/elaborato_maturita/diagrams/wbs.png>]
<diagrams/diagramma_perchè_beacon.png, id=175, 1527.7075pt x 1110.1475pt>
File: diagrams/diagramma_perchè_beacon.png Graphic file (type png)
<use diagrams/diagramma_perchè_beacon.png>
Package pdftex.def Info: diagrams/diagramma_perchè_beacon.png  used on input line 14.
(pdftex.def)             Requested size: 284.52756pt x 206.74617pt.
 [5 </Users/riccardo/Desktop/school/elaborato/elaborato_maturita/diagrams/diagramma_perchè_beacon.png>]
<diagrams/diagramma_comunicazione.png, id=184, 2152.04pt x 656.4525pt>
File: diagrams/diagramma_comunicazione.png Graphic file (type png)
<use diagrams/diagramma_comunicazione.png>
Package pdftex.def Info: diagrams/diagramma_comunicazione.png  used on input line 32.
(pdftex.def)             Requested size: 426.79134pt x 130.18634pt.
) [6 </Users/riccardo/Desktop/school/elaborato/elaborato_maturita/diagrams/diagramma_comunicazione.png>]
<diagrams/network_diagram.png, id=194, 975.645pt x 490.83376pt>
File: diagrams/network_diagram.png Graphic file (type png)
<use diagrams/network_diagram.png>
Package pdftex.def Info: diagrams/network_diagram.png  used on input line 68.
(pdftex.def)             Requested size: 398.33858pt x 200.39682pt.
<diagrams/diagramma_backend.png, id=198, 2148.025pt x 610.28pt>
File: diagrams/diagramma_backend.png Graphic file (type png)
<use diagrams/diagramma_backend.png>
Package pdftex.def Info: diagrams/diagramma_backend.png  used on input line 84.
(pdftex.def)             Requested size: 341.43306pt x 97.00426pt.
 [7

 </Users/riccardo/Desktop/school/elaborato/elaborato_maturita/diagrams/network_diagram.png>]) [8 </Users/riccardo/Desktop/school/elaborato/elaborato_maturita/diagrams/diagramma_backend.png>] (/Users/riccardo/Desktop/school/elaborato/elaborato_maturita/sections/backend/queries.tex (/usr/local/texlive/2021/texmf-dist/tex/latex/listings/lstlang1.sty
File: lstlang1.sty 2020/03/24 1.8d listings language file
)
Underfull \hbox (badness 10000) in paragraph at lines 187--10

 []

) [9

]
<diagrams/clean_architecture.png, id=222, 558.085pt x 709.65125pt>
File: diagrams/clean_architecture.png Graphic file (type png)
<use diagrams/clean_architecture.png>
Package pdftex.def Info: diagrams/clean_architecture.png  used on input line 206.
(pdftex.def)             Requested size: 156.6289pt x 199.16928pt.
 [10 </Users/riccardo/Desktop/school/elaborato/elaborato_maturita/diagrams/clean_architecture.png>] (/Users/riccardo/Desktop/school/elaborato/elaborato_maturita/sections/frontend/admin_panel.tex) (/Users/riccardo/Desktop/school/elaborato/elaborato_maturita/sections/security/security.tex) [11] (/Users/riccardo/Desktop/school/elaborato/elaborato_maturita/main.aux)
Package rerunfilecheck Info: File `main.out' has not changed.
(rerunfilecheck)             Checksum: E0B392D1F0C3A5C8B400E43827255A7D;3552.
Package logreq Info: Writing requests to 'main.run.xml'.
\openout1 = `main.run.xml'.

 ) 
Here is how much of TeX's memory you used:
 19833 strings out of 478994
 331521 string characters out of 5858184
 1153487 words of memory out of 5000000
 37000 multiletter control sequences out of 15000+600000
 409612 words of font info for 48 fonts, out of 8000000 for 9000
 1141 hyphenation exceptions out of 8191
 71i,6n,75p,970b,1462s stack positions out of 5000i,500n,10000p,200000b,80000s
{/usr/local/texlive/2021/texmf-dist/fonts/enc/dvips/cm-super/cm-super-ts1.enc}</usr/local/texlive/2021/texmf-dist/fonts/type1/public/amsfonts/cm/cmbx12.pfb></usr/local/texlive/2021/texmf-dist/fonts/type1/public/amsfonts/cm/cmcsc10.pfb></usr/local/texlive/2021/texmf-dist/fonts/type1/public/amsfonts/cm/cmr12.pfb></usr/local/texlive/2021/texmf-dist/fonts/type1/public/amsfonts/cm/cmr17.pfb></usr/local/texlive/2021/texmf-dist/fonts/type1/public/amsfonts/cm/cmti12.pfb></usr/local/texlive/2021/texmf-dist/fonts/type1/public/amsfonts/cm/cmtt10.pfb></usr/local/texlive/2021/texmf-dist/fonts/type1/public/amsfonts/cm/cmtt12.pfb></usr/local/texlive/2021/texmf-dist/fonts/type1/public/cm-super/sfrm1200.pfb>
Output written on /Users/riccardo/Desktop/school/elaborato/elaborato_maturita/main.pdf (12 pages, 1453775 bytes).
PDF statistics:
 289 PDF objects out of 1000 (max. 8388607)
 248 compressed objects within 3 object streams
 55 named destinations out of 1000 (max. 500000)
 257 words of extra memory for PDF output out of 10000 (max. 10000000)

